# JRE version: OpenJDK Runtime Environment (8.0_202-b03) (build 1.8.0_202-release-1483-b03)
# Java VM: OpenJDK Server VM (25.202-b03 mixed mode windows-x86 )
Heap:
 PSYoungGen      total 117248K, used 25806K [0x2c180000, 0x34240000, 0x36c00000)
  eden space 103680K, 11% used [0x2c180000,0x2cd768d0,0x326c0000)
  from space 13568K, 99% used [0x33500000,0x3423d300,0x34240000)
  to   space 14080K, 0% used [0x326c0000,0x326c0000,0x33480000)
 ParOldGen       total 174848K, used 22017K [0x16c00000, 0x216c0000, 0x2c180000)
  object space 174848K, 12% used [0x16c00000,0x181806a8,0x216c0000)
 Metaspace       used 37419K, capacity 38317K, committed 38400K, reserved 39296K
GC Heap History (10 events):
Event: 21.752 GC heap before
{Heap before GC invocations=6 (full 1):
 PSYoungGen      total 76544K, used 71915K [0x2c180000, 0x33e40000, 0x36c00000)
  eden space 65792K, 100% used [0x2c180000,0x301c0000,0x301c0000)
  from space 10752K, 56% used [0x30c40000,0x3123aea8,0x316c0000)
  to   space 10752K, 0% used [0x301c0000,0x301c0000,0x30c40000)
 ParOldGen       total 174848K, used 12104K [0x16c00000, 0x216c0000, 0x2c180000)
  object space 174848K, 6% used [0x16c00000,0x177d2248,0x216c0000)
 Metaspace       used 22640K, capacity 23006K, committed 23168K, reserved 23936K
Event: 21.769 GC heap after
Heap after GC invocations=6 (full 1):
 PSYoungGen      total 76544K, used 7909K [0x2c180000, 0x34240000, 0x36c00000)
  eden space 65792K, 0% used [0x2c180000,0x2c180000,0x301c0000)
  from space 10752K, 73% used [0x301c0000,0x309795f8,0x30c40000)
  to   space 13568K, 0% used [0x33500000,0x33500000,0x34240000)
 ParOldGen       total 174848K, used 12104K [0x16c00000, 0x216c0000, 0x2c180000)
  object space 174848K, 6% used [0x16c00000,0x177d2248,0x216c0000)
 Metaspace       used 22640K, capacity 23006K, committed 23168K, reserved 23936K
}
Event: 27.100 GC heap before
{Heap before GC invocations=7 (full 1):
 PSYoungGen      total 76544K, used 65997K [0x2c180000, 0x34240000, 0x36c00000)
  eden space 65792K, 88% used [0x2c180000,0x2fa3a090,0x301c0000)
  from space 10752K, 73% used [0x301c0000,0x309795f8,0x30c40000)
  to   space 13568K, 0% used [0x33500000,0x33500000,0x34240000)
 ParOldGen       total 174848K, used 12104K [0x16c00000, 0x216c0000, 0x2c180000)
  object space 174848K, 6% used [0x16c00000,0x177d2248,0x216c0000)
 Metaspace       used 26718K, capacity 27245K, committed 27308K, reserved 28032K
Event: 27.135 GC heap after
Heap after GC invocations=7 (full 1):
 PSYoungGen      total 117248K, used 11071K [0x2c180000, 0x34240000, 0x36c00000)
  eden space 103680K, 0% used [0x2c180000,0x2c180000,0x326c0000)
  from space 13568K, 81% used [0x33500000,0x33fcfc98,0x34240000)
  to   space 14080K, 0% used [0x326c0000,0x326c0000,0x33480000)
 ParOldGen       total 174848K, used 12108K [0x16c00000, 0x216c0000, 0x2c180000)
  object space 174848K, 6% used [0x16c00000,0x177d3248,0x216c0000)
 Metaspace       used 26718K, capacity 27245K, committed 27308K, reserved 28032K
}
Event: 27.135 GC heap before
{Heap before GC invocations=8 (full 2):
 PSYoungGen      total 117248K, used 11071K [0x2c180000, 0x34240000, 0x36c00000)
  eden space 103680K, 0% used [0x2c180000,0x2c180000,0x326c0000)
  from space 13568K, 81% used [0x33500000,0x33fcfc98,0x34240000)
  to   space 14080K, 0% used [0x326c0000,0x326c0000,0x33480000)
 ParOldGen       total 174848K, used 12108K [0x16c00000, 0x216c0000, 0x2c180000)
  object space 174848K, 6% used [0x16c00000,0x177d3248,0x216c0000)
 Metaspace       used 26718K, capacity 27245K, committed 27308K, reserved 28032K
Event: 27.394 GC heap after
Heap after GC invocations=8 (full 2):
 PSYoungGen      total 117248K, used 0K [0x2c180000, 0x34240000, 0x36c00000)
  eden space 103680K, 0% used [0x2c180000,0x2c180000,0x326c0000)
  from space 13568K, 0% used [0x33500000,0x33500000,0x34240000)
  to   space 14080K, 0% used [0x326c0000,0x326c0000,0x33480000)
 ParOldGen       total 174848K, used 18212K [0x16c00000, 0x216c0000, 0x2c180000)
  object space 174848K, 10% used [0x16c00000,0x17dc91e8,0x216c0000)
 Metaspace       used 26718K, capacity 27245K, committed 27308K, reserved 28032K
}
Event: 34.249 GC heap before
{Heap before GC invocations=9 (full 2):
 PSYoungGen      total 117248K, used 103680K [0x2c180000, 0x34240000, 0x36c00000)
  eden space 103680K, 100% used [0x2c180000,0x326c0000,0x326c0000)
  from space 13568K, 0% used [0x33500000,0x33500000,0x34240000)
  to   space 14080K, 0% used [0x326c0000,0x326c0000,0x33480000)
 ParOldGen       total 174848K, used 18212K [0x16c00000, 0x216c0000, 0x2c180000)
  object space 174848K, 10% used [0x16c00000,0x17dc91e8,0x216c0000)
 Metaspace       used 32653K, capacity 33412K, committed 33536K, reserved 34176K
Event: 34.622 GC heap after
Heap after GC invocations=9 (full 2):
 PSYoungGen      total 117760K, used 12802K [0x2c180000, 0x34240000, 0x36c00000)
  eden space 103680K, 0% used [0x2c180000,0x2c180000,0x326c0000)
  from space 14080K, 90% used [0x326c0000,0x33340b90,0x33480000)
  to   space 13568K, 0% used [0x33500000,0x33500000,0x34240000)
 ParOldGen       total 174848K, used 18216K [0x16c00000, 0x216c0000, 0x2c180000)
  object space 174848K, 10% used [0x16c00000,0x17dca1e8,0x216c0000)
 Metaspace       used 32653K, capacity 33412K, committed 33536K, reserved 34176K
}
Event: 40.877 GC heap before
{Heap before GC invocations=10 (full 2):
 PSYoungGen      total 117760K, used 116482K [0x2c180000, 0x34240000, 0x36c00000)
  eden space 103680K, 100% used [0x2c180000,0x326c0000,0x326c0000)
  from space 14080K, 90% used [0x326c0000,0x33340b90,0x33480000)
  to   space 13568K, 0% used [0x33500000,0x33500000,0x34240000)
 ParOldGen       total 174848K, used 18216K [0x16c00000, 0x216c0000, 0x2c180000)
  object space 174848K, 10% used [0x16c00000,0x17dca1e8,0x216c0000)
 Metaspace       used 37063K, capacity 37959K, committed 38016K, reserved 38272K
Event: 41.340 GC heap after
Heap after GC invocations=10 (full 2):
 PSYoungGen      total 117248K, used 13556K [0x2c180000, 0x34240000, 0x36c00000)
  eden space 103680K, 0% used [0x2c180000,0x2c180000,0x326c0000)
  from space 13568K, 99% used [0x33500000,0x3423d300,0x34240000)
  to   space 14080K, 0% used [0x326c0000,0x326c0000,0x33480000)
 ParOldGen       total 174848K, used 22017K [0x16c00000, 0x216c0000, 0x2c180000)
  object space 174848K, 12% used [0x16c00000,0x181806a8,0x216c0000)
 Metaspace       used 37063K, capacity 37959K, committed 38016K, reserved 38272K
}

